# JRE version: OpenJDK Runtime Environment (8.0_152-b01) (build 1.8.0_152-release-1343-b01)
# Java VM: OpenJDK 64-Bit Server VM (25.152-b01 mixed mode windows-amd64 compressed oops)
Heap:
 PSYoungGen      total 418304K, used 278451K [0x00000000e0000000, 0x00000000fab00000, 0x0000000100000000)
  eden space 403456K, 69% used [0x00000000e0000000,0x00000000f0fecd38,0x00000000f8a00000)
  from space 14848K, 0% used [0x00000000f9c80000,0x00000000f9c80000,0x00000000fab00000)
  to   space 16896K, 0% used [0x00000000f8a00000,0x00000000f8a00000,0x00000000f9a80000)
 ParOldGen       total 111104K, used 47404K [0x00000000a0000000, 0x00000000a6c80000, 0x00000000e0000000)
  object space 111104K, 42% used [0x00000000a0000000,0x00000000a2e4b3b0,0x00000000a6c80000)
 Metaspace       used 95619K, capacity 99072K, committed 100224K, reserved 1136640K
  class space    used 11960K, capacity 12644K, committed 12928K, reserved 1048576K
GC Heap History (10 events):
Event: 2448.822 GC heap before
{Heap before GC invocations=18 (full 3):
 PSYoungGen      total 264704K, used 264328K [0x00000000e0000000, 0x00000000f1980000, 0x0000000100000000)
  eden space 252416K, 100% used [0x00000000e0000000,0x00000000ef680000,0x00000000ef680000)
  from space 12288K, 96% used [0x00000000f0d80000,0x00000000f1922388,0x00000000f1980000)
  to   space 17408K, 0% used [0x00000000ef780000,0x00000000ef780000,0x00000000f0880000)
 ParOldGen       total 111104K, used 35863K [0x00000000a0000000, 0x00000000a6c80000, 0x00000000e0000000)
  object space 111104K, 32% used [0x00000000a0000000,0x00000000a2305cb8,0x00000000a6c80000)
 Metaspace       used 73436K, capacity 76398K, committed 76672K, reserved 1116160K
  class space    used 9456K, capacity 10069K, committed 10112K, reserved 1048576K
Event: 2449.146 GC heap after
Heap after GC invocations=18 (full 3):
 PSYoungGen      total 270848K, used 4650K [0x00000000e0000000, 0x00000000f7380000, 0x0000000100000000)
  eden space 253440K, 0% used [0x00000000e0000000,0x00000000e0000000,0x00000000ef780000)
  from space 17408K, 26% used [0x00000000ef780000,0x00000000efc0abe8,0x00000000f0880000)
  to   space 17408K, 0% used [0x00000000f6280000,0x00000000f6280000,0x00000000f7380000)
 ParOldGen       total 111104K, used 39203K [0x00000000a0000000, 0x00000000a6c80000, 0x00000000e0000000)
  object space 111104K, 35% used [0x00000000a0000000,0x00000000a2648d78,0x00000000a6c80000)
 Metaspace       used 73436K, capacity 76398K, committed 76672K, reserved 1116160K
  class space    used 9456K, capacity 10069K, committed 10112K, reserved 1048576K
}
Event: 2464.316 GC heap before
{Heap before GC invocations=19 (full 3):
 PSYoungGen      total 270848K, used 258090K [0x00000000e0000000, 0x00000000f7380000, 0x0000000100000000)
  eden space 253440K, 100% used [0x00000000e0000000,0x00000000ef780000,0x00000000ef780000)
  from space 17408K, 26% used [0x00000000ef780000,0x00000000efc0abe8,0x00000000f0880000)
  to   space 17408K, 0% used [0x00000000f6280000,0x00000000f6280000,0x00000000f7380000)
 ParOldGen       total 111104K, used 39203K [0x00000000a0000000, 0x00000000a6c80000, 0x00000000e0000000)
  object space 111104K, 35% used [0x00000000a0000000,0x00000000a2648d78,0x00000000a6c80000)
 Metaspace       used 78290K, capacity 81352K, committed 81536K, reserved 1120256K
  class space    used 9973K, capacity 10600K, committed 10624K, reserved 1048576K
Event: 2464.391 GC heap after
Heap after GC invocations=19 (full 3):
 PSYoungGen      total 346624K, used 8682K [0x00000000e0000000, 0x00000000f6b00000, 0x0000000100000000)
  eden space 337920K, 0% used [0x00000000e0000000,0x00000000e0000000,0x00000000f4a00000)
  from space 8704K, 99% used [0x00000000f6280000,0x00000000f6afa8d8,0x00000000f6b00000)
  to   space 16384K, 0% used [0x00000000f4b00000,0x00000000f4b00000,0x00000000f5b00000)
 ParOldGen       total 111104K, used 41314K [0x00000000a0000000, 0x00000000a6c80000, 0x00000000e0000000)
  object space 111104K, 37% used [0x00000000a0000000,0x00000000a2858848,0x00000000a6c80000)
 Metaspace       used 78290K, capacity 81352K, committed 81536K, reserved 1120256K
  class space    used 9973K, capacity 10600K, committed 10624K, reserved 1048576K
}
Event: 2475.952 GC heap before
{Heap before GC invocations=20 (full 3):
 PSYoungGen      total 346624K, used 346602K [0x00000000e0000000, 0x00000000f6b00000, 0x0000000100000000)
  eden space 337920K, 100% used [0x00000000e0000000,0x00000000f4a00000,0x00000000f4a00000)
  from space 8704K, 99% used [0x00000000f6280000,0x00000000f6afa8d8,0x00000000f6b00000)
  to   space 16384K, 0% used [0x00000000f4b00000,0x00000000f4b00000,0x00000000f5b00000)
 ParOldGen       total 111104K, used 41314K [0x00000000a0000000, 0x00000000a6c80000, 0x00000000e0000000)
  object space 111104K, 37% used [0x00000000a0000000,0x00000000a2858848,0x00000000a6c80000)
 Metaspace       used 86672K, capacity 90088K, committed 90368K, reserved 1128448K
  class space    used 10974K, capacity 11654K, committed 11776K, reserved 1048576K
Event: 2476.004 GC heap after
Heap after GC invocations=20 (full 3):
 PSYoungGen      total 355328K, used 12678K [0x00000000e0000000, 0x00000000fad80000, 0x0000000100000000)
  eden space 338944K, 0% used [0x00000000e0000000,0x00000000e0000000,0x00000000f4b00000)
  from space 16384K, 77% used [0x00000000f4b00000,0x00000000f5761960,0x00000000f5b00000)
  to   space 17408K, 0% used [0x00000000f9c80000,0x00000000f9c80000,0x00000000fad80000)
 ParOldGen       total 111104K, used 46926K [0x00000000a0000000, 0x00000000a6c80000, 0x00000000e0000000)
  object space 111104K, 42% used [0x00000000a0000000,0x00000000a2dd3b70,0x00000000a6c80000)
 Metaspace       used 86672K, capacity 90088K, committed 90368K, reserved 1128448K
  class space    used 10974K, capacity 11654K, committed 11776K, reserved 1048576K
}
Event: 2479.640 GC heap before
{Heap before GC invocations=21 (full 3):
 PSYoungGen      total 355328K, used 110351K [0x00000000e0000000, 0x00000000fad80000, 0x0000000100000000)
  eden space 338944K, 28% used [0x00000000e0000000,0x00000000e5f62560,0x00000000f4b00000)
  from space 16384K, 77% used [0x00000000f4b00000,0x00000000f5761960,0x00000000f5b00000)
  to   space 17408K, 0% used [0x00000000f9c80000,0x00000000f9c80000,0x00000000fad80000)
 ParOldGen       total 111104K, used 46926K [0x00000000a0000000, 0x00000000a6c80000, 0x00000000e0000000)
  object space 111104K, 42% used [0x00000000a0000000,0x00000000a2dd3b70,0x00000000a6c80000)
 Metaspace       used 94571K, capacity 98428K, committed 98496K, reserved 1134592K
  class space    used 11974K, capacity 12756K, committed 12800K, reserved 1048576K
Event: 2479.705 GC heap after
Heap after GC invocations=21 (full 3):
 PSYoungGen      total 418304K, used 10855K [0x00000000e0000000, 0x00000000fab00000, 0x0000000100000000)
  eden space 403456K, 0% used [0x00000000e0000000,0x00000000e0000000,0x00000000f8a00000)
  from space 14848K, 73% used [0x00000000f9c80000,0x00000000fa719da0,0x00000000fab00000)
  to   space 16896K, 0% used [0x00000000f8a00000,0x00000000f8a00000,0x00000000f9a80000)
 ParOldGen       total 111104K, used 50952K [0x00000000a0000000, 0x00000000a6c80000, 0x00000000e0000000)
  object space 111104K, 45% used [0x00000000a0000000,0x00000000a31c2370,0x00000000a6c80000)
 Metaspace       used 94571K, capacity 98428K, committed 98496K, reserved 1134592K
  class space    used 11974K, capacity 12756K, committed 12800K, reserved 1048576K
}
Event: 2479.705 GC heap before
{Heap before GC invocations=22 (full 4):
 PSYoungGen      total 418304K, used 10855K [0x00000000e0000000, 0x00000000fab00000, 0x0000000100000000)
  eden space 403456K, 0% used [0x00000000e0000000,0x00000000e0000000,0x00000000f8a00000)
  from space 14848K, 73% used [0x00000000f9c80000,0x00000000fa719da0,0x00000000fab00000)
  to   space 16896K, 0% used [0x00000000f8a00000,0x00000000f8a00000,0x00000000f9a80000)
 ParOldGen       total 111104K, used 50952K [0x00000000a0000000, 0x00000000a6c80000, 0x00000000e0000000)
  object space 111104K, 45% used [0x00000000a0000000,0x00000000a31c2370,0x00000000a6c80000)
 Metaspace       used 94571K, capacity 98428K, committed 98496K, reserved 1134592K
  class space    used 11974K, capacity 12756K, committed 12800K, reserved 1048576K
Event: 2480.566 GC heap after
Heap after GC invocations=22 (full 4):
 PSYoungGen      total 418304K, used 0K [0x00000000e0000000, 0x00000000fab00000, 0x0000000100000000)
  eden space 403456K, 0% used [0x00000000e0000000,0x00000000e0000000,0x00000000f8a00000)
  from space 14848K, 0% used [0x00000000f9c80000,0x00000000f9c80000,0x00000000fab00000)
  to   space 16896K, 0% used [0x00000000f8a00000,0x00000000f8a00000,0x00000000f9a80000)
 ParOldGen       total 111104K, used 47404K [0x00000000a0000000, 0x00000000a6c80000, 0x00000000e0000000)
  object space 111104K, 42% used [0x00000000a0000000,0x00000000a2e4b3b0,0x00000000a6c80000)
 Metaspace       used 93621K, capacity 96684K, committed 98496K, reserved 1134592K
  class space    used 11786K, capacity 12432K, committed 12800K, reserved 1048576K
}

